2021-08-30 19:04:49,621 - root - INFO - ************* Test_Tabledata_Extraction **********
2021-08-30 19:04:49,621 - root - INFO - ************* Test_Tabledata_Extraction **********
2021-08-30 19:04:54,045 - root - INFO - Navigated to https://admin-demo.nopcommerce.com
2021-08-30 19:04:54,045 - root - INFO - Navigated to https://admin-demo.nopcommerce.com
2021-08-30 19:04:54,046 - root - INFO - ************input Username*************
2021-08-30 19:04:54,046 - root - INFO - ************input Username*************
2021-08-30 19:04:54,064 - root - INFO - Element found
2021-08-30 19:04:54,064 - root - INFO - Element found
2021-08-30 19:04:54,124 - root - INFO - Element found
2021-08-30 19:04:54,124 - root - INFO - Element found
2021-08-30 19:04:54,213 - root - INFO - Data entered
2021-08-30 19:04:54,213 - root - INFO - Data entered
2021-08-30 19:04:54,214 - root - INFO - ************input Password*************
2021-08-30 19:04:54,214 - root - INFO - ************input Password*************
2021-08-30 19:04:54,232 - root - INFO - Element found
2021-08-30 19:04:54,232 - root - INFO - Element found
2021-08-30 19:04:54,305 - root - INFO - Element found
2021-08-30 19:04:54,305 - root - INFO - Element found
2021-08-30 19:04:54,371 - root - INFO - Data entered
2021-08-30 19:04:54,371 - root - INFO - Data entered
2021-08-30 19:04:54,375 - root - INFO - ************clicking Login*************
2021-08-30 19:04:54,375 - root - INFO - ************clicking Login*************
2021-08-30 19:04:54,393 - root - INFO - Element found
2021-08-30 19:04:54,393 - root - INFO - Element found
2021-08-30 19:04:58,406 - root - INFO - Element clicked
2021-08-30 19:04:58,406 - root - INFO - Element clicked
2021-08-30 19:04:58,409 - root - INFO - ************Login Successfull*************
2021-08-30 19:04:58,409 - root - INFO - ************Login Successfull*************
2021-08-30 19:05:01,424 - root - INFO - ******* Starting Add Customer Test **********
2021-08-30 19:05:01,424 - root - INFO - ******* Starting Add Customer Test **********
2021-08-30 19:05:01,444 - root - INFO - Element found
2021-08-30 19:05:01,444 - root - INFO - Element found
2021-08-30 19:05:01,505 - root - INFO - Element clicked
2021-08-30 19:05:01,505 - root - INFO - Element clicked
2021-08-30 19:05:01,530 - root - INFO - Element found
2021-08-30 19:05:01,530 - root - INFO - Element found
2021-08-30 19:05:03,199 - root - INFO - Element clicked
2021-08-30 19:05:03,199 - root - INFO - Element clicked
2021-08-30 19:05:03,202 - root - INFO - ************* Extracting customer info **********
2021-08-30 19:05:03,202 - root - INFO - ************* Extracting customer info **********
2021-08-30 19:05:03,229 - root - INFO - Elements found
2021-08-30 19:05:03,229 - root - INFO - Elements found
2021-08-30 19:05:03,249 - root - INFO - Elements found
2021-08-30 19:05:03,249 - root - INFO - Elements found
2021-08-30 19:05:03,250 - root - INFO - rows = ,1, columns =1
2021-08-30 19:05:03,250 - root - INFO - rows = ,1, columns =1
2021-08-30 19:05:05,523 - root - INFO - ******* Extracted data from table successfully **********
2021-08-30 19:05:05,523 - root - INFO - ******* Extracted data from table successfully **********
09:09:2021 04:03:57 PM - root - INFO - ***************test_AddNew_Student*****************
09:09:2021 04:03:57 PM - root - INFO - ***************Post:Add New Student*****************
09:09:2021 04:05:01 PM - root - INFO - ***************test_AddNew_Student*****************
09:09:2021 04:05:01 PM - root - INFO - ***************Post:Add New Student*****************
09:09:2021 04:06:58 PM - root - INFO - ***************test_AddNew_Student*****************
09:09:2021 04:06:58 PM - root - INFO - ***************Post:Add New Student*****************
09:09:2021 04:07:44 PM - root - INFO - ***************test_AddNew_Student*****************
09:09:2021 04:07:44 PM - root - INFO - ***************Post:Add New Student*****************
09:09:2021 04:07:44 PM - root - INFO - ***************Post:Add Student Technical Skills*****************
09:09:2021 04:10:01 PM - root - INFO - ***************test_AddNew_Student*****************
09:09:2021 04:10:01 PM - root - INFO - ***************Post:Add New Student*****************
11:09:2021 01:01:35 PM - root - INFO - ***************test_AddNew_Student*****************
11:09:2021 01:01:35 PM - root - INFO - ***************Post:Add New Student*****************
11:09:2021 01:02:40 PM - root - INFO - ***************test_AddNew_Student*****************
11:09:2021 01:02:40 PM - root - INFO - ***************Post:Add New Student*****************
13:09:2021 07:17:46 PM - root - INFO - ***************test_AddNew_Student*****************
13:09:2021 07:17:46 PM - root - INFO - ***************Post:Add New Student*****************
13:09:2021 07:17:49 PM - root - INFO - ***************Post:Add Student Technical Skills*****************
13:09:2021 07:17:49 PM - root - INFO - ***************Post:Add Student Address*****************
13:09:2021 07:17:50 PM - root - INFO - ***************GET:Final Student Details*****************
13:09:2021 07:17:51 PM - root - INFO - {"status":"true","data":{"first_name":"Test","middle_name":"API","last_name":"Python","date_of_birth":"12-12-1993","TechnicalDetails":[{"id":19538,"language":["Python","Java"],"yearexp":"3","lastused":"2021","st_id":"452701"}],"Address":[{"Permanent_Address":{"House_Number":null,"City":null,"State":null,"Country":null,"PhoneNumber":null},"Current_Address":null,"stId":"452701"},{"Permanent_Address":{"House_Number":null,"City":null,"State":null,"Country":null,"PhoneNumber":null},"Current_Address":null,"stId":"452701"}]}}
13:09:2021 07:17:51 PM - root - INFO - ***************PUT:Update Student Address*****************
13:09:2021 07:17:51 PM - root - INFO - {"status":"true","msg":"Add  data success"}
13:09:2021 07:17:51 PM - root - INFO - ***************GET:Final Student Details After Update*****************
13:09:2021 07:17:51 PM - root - INFO - {"status":"true","data":{"first_name":"Test","middle_name":"API","last_name":"Python","date_of_birth":"12-12-1993","TechnicalDetails":[{"id":19538,"language":["Python","Java"],"yearexp":"3","lastused":"2021","st_id":"452701"}],"Address":[{"Permanent_Address":{"House_Number":null,"City":null,"State":null,"Country":null,"PhoneNumber":null},"Current_Address":null,"stId":"452701"},{"Permanent_Address":{"House_Number":null,"City":null,"State":null,"Country":null,"PhoneNumber":null},"Current_Address":null,"stId":"452701"},{"Permanent_Address":{"House_Number":null,"City":null,"State":null,"Country":null,"PhoneNumber":null},"Current_Address":null,"stId":"452701"},{"Permanent_Address":{"House_Number":null,"City":null,"State":null,"Country":null,"PhoneNumber":null},"Current_Address":null,"stId":"452701"}]}}
13:09:2021 07:21:01 PM - root - INFO - ***************test_AddNew_Student*****************
13:09:2021 07:21:01 PM - root - INFO - ***************Post:Add New Student*****************
13:09:2021 07:21:01 PM - root - INFO - ***************Post:Add Student Technical Skills*****************
13:09:2021 07:21:01 PM - root - INFO - ***************Post:Add Student Address*****************
13:09:2021 07:21:02 PM - root - INFO - ***************GET:Final Student Details*****************
13:09:2021 07:21:02 PM - root - INFO - {"status":"true","data":{"first_name":"Test","middle_name":"API","last_name":"Python","date_of_birth":"12-12-1993","TechnicalDetails":[{"id":19539,"language":["Python","Java"],"yearexp":"3","lastused":"2021","st_id":"452702"}],"Address":[{"Permanent_Address":{"House_Number":null,"City":null,"State":null,"Country":null,"PhoneNumber":null},"Current_Address":null,"stId":"452702"},{"Permanent_Address":{"House_Number":null,"City":null,"State":null,"Country":null,"PhoneNumber":null},"Current_Address":null,"stId":"452702"}]}}
13:09:2021 07:21:02 PM - root - INFO - ***************PUT:Update Student Address*****************
13:09:2021 07:21:02 PM - root - INFO - {"status":"true","msg":"Add  data success"}
13:09:2021 07:21:02 PM - root - INFO - ***************GET:Final Student Details After Update*****************
13:09:2021 07:21:02 PM - root - INFO - {"status":"true","data":{"first_name":"Test","middle_name":"API","last_name":"Python","date_of_birth":"12-12-1993","TechnicalDetails":[{"id":19539,"language":["Python","Java"],"yearexp":"3","lastused":"2021","st_id":"452702"}],"Address":[{"Permanent_Address":{"House_Number":null,"City":null,"State":null,"Country":null,"PhoneNumber":null},"Current_Address":null,"stId":"452702"},{"Permanent_Address":{"House_Number":null,"City":null,"State":null,"Country":null,"PhoneNumber":null},"Current_Address":null,"stId":"452702"},{"Permanent_Address":{"House_Number":null,"City":null,"State":null,"Country":null,"PhoneNumber":null},"Current_Address":null,"stId":"452702"},{"Permanent_Address":{"House_Number":null,"City":null,"State":null,"Country":null,"PhoneNumber":null},"Current_Address":null,"stId":"452702"}]}}
13:09:2021 07:22:20 PM - root - INFO - ***************test_AddNew_Student*****************
13:09:2021 07:22:20 PM - root - INFO - ***************Post:Add New Student*****************
13:09:2021 07:22:20 PM - root - INFO - ***************Post:Add Student Technical Skills*****************
13:09:2021 07:22:20 PM - root - INFO - ***************Post:Add Student Address*****************
13:09:2021 07:22:20 PM - root - INFO - ***************GET:Final Student Details*****************
13:09:2021 07:22:20 PM - root - INFO - {"status":"true","data":{"first_name":"Test","middle_name":"API","last_name":"Python","date_of_birth":"12-12-1993","TechnicalDetails":[{"id":19540,"language":["Python","Java"],"yearexp":"3","lastused":"2021","st_id":"452703"}],"Address":[{"Permanent_Address":{"House_Number":null,"City":null,"State":null,"Country":null,"PhoneNumber":null},"Current_Address":null,"stId":"452703"},{"Permanent_Address":{"House_Number":null,"City":null,"State":null,"Country":null,"PhoneNumber":null},"Current_Address":null,"stId":"452703"}]}}
13:09:2021 07:22:20 PM - root - INFO - ***************PUT:Update Student Address*****************
13:09:2021 07:22:20 PM - root - INFO - {"Message":"The requested resource does not support http method 'PUT'."}
13:09:2021 07:22:20 PM - root - INFO - ***************GET:Final Student Details After Update*****************
13:09:2021 07:22:20 PM - root - INFO - {"status":"true","data":{"first_name":"Test","middle_name":"API","last_name":"Python","date_of_birth":"12-12-1993","TechnicalDetails":[{"id":19540,"language":["Python","Java"],"yearexp":"3","lastused":"2021","st_id":"452703"}],"Address":[{"Permanent_Address":{"House_Number":null,"City":null,"State":null,"Country":null,"PhoneNumber":null},"Current_Address":null,"stId":"452703"},{"Permanent_Address":{"House_Number":null,"City":null,"State":null,"Country":null,"PhoneNumber":null},"Current_Address":null,"stId":"452703"}]}}
13:09:2021 07:27:40 PM - root - INFO - ***************test_Coops_API*****************
13:09:2021 07:27:40 PM - root - INFO - ***************Post:Add New Student*****************
13:09:2021 07:28:19 PM - root - INFO - ***************test_Coops_API*****************
13:09:2021 07:28:19 PM - root - INFO - ***************Post:Add New Student*****************
13:09:2021 07:29:37 PM - root - INFO - ***************test_Coops_API*****************
13:09:2021 07:29:37 PM - root - INFO - ***************Post:Add New Student*****************
13:09:2021 07:31:39 PM - root - INFO - ***************test_Coops_API*****************
13:09:2021 07:31:39 PM - root - INFO - ***************Post: Barn-unlock*****************
13:09:2021 07:33:04 PM - root - INFO - ***************test_Coops_API*****************
13:09:2021 07:33:04 PM - root - INFO - ***************Post: Barn-unlock*****************
13:09:2021 07:33:29 PM - root - INFO - ***************test_Coops_API*****************
13:09:2021 07:33:29 PM - root - INFO - ***************Post: Barn-unlock*****************
13:09:2021 07:40:19 PM - root - INFO - ***************test_Coops_API*****************
13:09:2021 07:40:19 PM - root - INFO - ***************Post: Barn-unlock*****************
13:09:2021 07:40:20 PM - root - INFO - {"action":"barn-unlock","success":true,"message":"You just unlocked your barn! Watch out for strangers!","data":null}
13:09:2021 07:40:20 PM - root - INFO - ***************test_Coops_API*****************
13:09:2021 07:40:20 PM - root - INFO - ***************test_Coops_API*****************
13:09:2021 07:40:20 PM - root - INFO - ***************Post: Toiletseat-down*****************
13:09:2021 07:40:20 PM - root - INFO - ***************Post: Toiletseat-down*****************
13:09:2021 07:40:21 PM - root - INFO - {"error":"insufficient_scope","error_description":"The request requires higher privileges than provided by the access token"}
13:09:2021 07:40:21 PM - root - INFO - {"error":"insufficient_scope","error_description":"The request requires higher privileges than provided by the access token"}
13:09:2021 07:40:22 PM - root - INFO - ***************test_Coops_API*****************
13:09:2021 07:40:22 PM - root - INFO - ***************test_Coops_API*****************
13:09:2021 07:40:22 PM - root - INFO - ***************test_Coops_API*****************
13:09:2021 07:40:22 PM - root - INFO - ***************Post: Chickens-feed*****************
13:09:2021 07:40:22 PM - root - INFO - ***************Post: Chickens-feed*****************
13:09:2021 07:40:22 PM - root - INFO - ***************Post: Chickens-feed*****************
13:09:2021 07:40:22 PM - root - INFO - {"error":"insufficient_scope","error_description":"The request requires higher privileges than provided by the access token"}
13:09:2021 07:40:22 PM - root - INFO - {"error":"insufficient_scope","error_description":"The request requires higher privileges than provided by the access token"}
13:09:2021 07:40:22 PM - root - INFO - {"error":"insufficient_scope","error_description":"The request requires higher privileges than provided by the access token"}
13:09:2021 07:40:22 PM - root - INFO - ***************test_Coops_API*****************
13:09:2021 07:40:22 PM - root - INFO - ***************test_Coops_API*****************
13:09:2021 07:40:22 PM - root - INFO - ***************test_Coops_API*****************
13:09:2021 07:40:22 PM - root - INFO - ***************test_Coops_API*****************
13:09:2021 07:40:22 PM - root - INFO - ***************Post: Eggs-collect*****************
13:09:2021 07:40:22 PM - root - INFO - ***************Post: Eggs-collect*****************
13:09:2021 07:40:22 PM - root - INFO - ***************Post: Eggs-collect*****************
13:09:2021 07:40:22 PM - root - INFO - ***************Post: Eggs-collect*****************
13:09:2021 07:40:23 PM - root - INFO - {"error":"insufficient_scope","error_description":"The request requires higher privileges than provided by the access token"}
13:09:2021 07:40:23 PM - root - INFO - {"error":"insufficient_scope","error_description":"The request requires higher privileges than provided by the access token"}
13:09:2021 07:40:23 PM - root - INFO - {"error":"insufficient_scope","error_description":"The request requires higher privileges than provided by the access token"}
13:09:2021 07:40:23 PM - root - INFO - {"error":"insufficient_scope","error_description":"The request requires higher privileges than provided by the access token"}
13:09:2021 07:40:23 PM - root - INFO - ***************test_Coops_API*****************
13:09:2021 07:40:23 PM - root - INFO - ***************test_Coops_API*****************
13:09:2021 07:40:23 PM - root - INFO - ***************test_Coops_API*****************
13:09:2021 07:40:23 PM - root - INFO - ***************test_Coops_API*****************
13:09:2021 07:40:23 PM - root - INFO - ***************test_Coops_API*****************
13:09:2021 07:40:23 PM - root - INFO - ***************Post: Eggs-count*****************
13:09:2021 07:40:23 PM - root - INFO - ***************Post: Eggs-count*****************
13:09:2021 07:40:23 PM - root - INFO - ***************Post: Eggs-count*****************
13:09:2021 07:40:23 PM - root - INFO - ***************Post: Eggs-count*****************
13:09:2021 07:40:23 PM - root - INFO - ***************Post: Eggs-count*****************
13:09:2021 07:40:25 PM - root - INFO - {"error":"insufficient_scope","error_description":"The request requires higher privileges than provided by the access token"}
13:09:2021 07:40:25 PM - root - INFO - {"error":"insufficient_scope","error_description":"The request requires higher privileges than provided by the access token"}
13:09:2021 07:40:25 PM - root - INFO - {"error":"insufficient_scope","error_description":"The request requires higher privileges than provided by the access token"}
13:09:2021 07:40:25 PM - root - INFO - {"error":"insufficient_scope","error_description":"The request requires higher privileges than provided by the access token"}
13:09:2021 07:40:25 PM - root - INFO - {"error":"insufficient_scope","error_description":"The request requires higher privileges than provided by the access token"}
13:09:2021 07:41:37 PM - root - INFO - ***************test_Coops_API*****************
13:09:2021 07:41:37 PM - root - INFO - ***************Post: Barn-unlock*****************
13:09:2021 07:41:38 PM - root - INFO - {"action":"barn-unlock","success":true,"message":"You just unlocked your barn! Watch out for strangers!","data":null}
13:09:2021 07:41:38 PM - root - INFO - ***************test_Coops_API*****************
13:09:2021 07:41:38 PM - root - INFO - ***************test_Coops_API*****************
13:09:2021 07:41:38 PM - root - INFO - ***************Post: Toiletseat-down*****************
13:09:2021 07:41:38 PM - root - INFO - ***************Post: Toiletseat-down*****************
13:09:2021 07:41:38 PM - root - INFO - {"error":"insufficient_scope","error_description":"The request requires higher privileges than provided by the access token"}
13:09:2021 07:41:38 PM - root - INFO - {"error":"insufficient_scope","error_description":"The request requires higher privileges than provided by the access token"}
13:09:2021 07:41:39 PM - root - INFO - ***************test_Coops_API*****************
13:09:2021 07:41:39 PM - root - INFO - ***************test_Coops_API*****************
13:09:2021 07:41:39 PM - root - INFO - ***************test_Coops_API*****************
13:09:2021 07:41:39 PM - root - INFO - ***************Post: Chickens-feed*****************
13:09:2021 07:41:39 PM - root - INFO - ***************Post: Chickens-feed*****************
13:09:2021 07:41:39 PM - root - INFO - ***************Post: Chickens-feed*****************
13:09:2021 07:41:39 PM - root - INFO - {"error":"insufficient_scope","error_description":"The request requires higher privileges than provided by the access token"}
13:09:2021 07:41:39 PM - root - INFO - {"error":"insufficient_scope","error_description":"The request requires higher privileges than provided by the access token"}
13:09:2021 07:41:39 PM - root - INFO - {"error":"insufficient_scope","error_description":"The request requires higher privileges than provided by the access token"}
13:09:2021 07:41:39 PM - root - INFO - ***************test_Coops_API*****************
13:09:2021 07:41:39 PM - root - INFO - ***************test_Coops_API*****************
13:09:2021 07:41:39 PM - root - INFO - ***************test_Coops_API*****************
13:09:2021 07:41:39 PM - root - INFO - ***************test_Coops_API*****************
13:09:2021 07:41:39 PM - root - INFO - ***************Post: Eggs-collect*****************
13:09:2021 07:41:39 PM - root - INFO - ***************Post: Eggs-collect*****************
13:09:2021 07:41:39 PM - root - INFO - ***************Post: Eggs-collect*****************
13:09:2021 07:41:39 PM - root - INFO - ***************Post: Eggs-collect*****************
13:09:2021 07:41:40 PM - root - INFO - {"error":"insufficient_scope","error_description":"The request requires higher privileges than provided by the access token"}
13:09:2021 07:41:40 PM - root - INFO - {"error":"insufficient_scope","error_description":"The request requires higher privileges than provided by the access token"}
13:09:2021 07:41:40 PM - root - INFO - {"error":"insufficient_scope","error_description":"The request requires higher privileges than provided by the access token"}
13:09:2021 07:41:40 PM - root - INFO - {"error":"insufficient_scope","error_description":"The request requires higher privileges than provided by the access token"}
13:09:2021 07:41:40 PM - root - INFO - ***************test_Coops_API*****************
13:09:2021 07:41:40 PM - root - INFO - ***************test_Coops_API*****************
13:09:2021 07:41:40 PM - root - INFO - ***************test_Coops_API*****************
13:09:2021 07:41:40 PM - root - INFO - ***************test_Coops_API*****************
13:09:2021 07:41:40 PM - root - INFO - ***************test_Coops_API*****************
13:09:2021 07:41:40 PM - root - INFO - ***************Post: Eggs-count*****************
13:09:2021 07:41:40 PM - root - INFO - ***************Post: Eggs-count*****************
13:09:2021 07:41:40 PM - root - INFO - ***************Post: Eggs-count*****************
13:09:2021 07:41:40 PM - root - INFO - ***************Post: Eggs-count*****************
13:09:2021 07:41:40 PM - root - INFO - ***************Post: Eggs-count*****************
13:09:2021 07:41:42 PM - root - INFO - {"error":"insufficient_scope","error_description":"The request requires higher privileges than provided by the access token"}
13:09:2021 07:41:42 PM - root - INFO - {"error":"insufficient_scope","error_description":"The request requires higher privileges than provided by the access token"}
13:09:2021 07:41:42 PM - root - INFO - {"error":"insufficient_scope","error_description":"The request requires higher privileges than provided by the access token"}
13:09:2021 07:41:42 PM - root - INFO - {"error":"insufficient_scope","error_description":"The request requires higher privileges than provided by the access token"}
13:09:2021 07:41:42 PM - root - INFO - {"error":"insufficient_scope","error_description":"The request requires higher privileges than provided by the access token"}
13:09:2021 07:43:38 PM - root - INFO - ***************test_Coops_API*****************
13:09:2021 07:43:38 PM - root - INFO - ***************Post: Barn-unlock*****************
13:09:2021 07:43:39 PM - root - INFO - {"action":"barn-unlock","success":true,"message":"You just unlocked your barn! Watch out for strangers!","data":null}
13:09:2021 07:43:39 PM - root - INFO - ***************test_Coops_API*****************
13:09:2021 07:43:39 PM - root - INFO - ***************test_Coops_API*****************
13:09:2021 07:43:39 PM - root - INFO - ***************Post: Toiletseat-down*****************
13:09:2021 07:43:39 PM - root - INFO - ***************Post: Toiletseat-down*****************
13:09:2021 07:43:40 PM - root - INFO - {"action":"toiletseat-down","success":true,"message":"You just put the toilet seat down. You\u0027re a wonderful roommate!","data":null}
13:09:2021 07:43:40 PM - root - INFO - {"action":"toiletseat-down","success":true,"message":"You just put the toilet seat down. You\u0027re a wonderful roommate!","data":null}
13:09:2021 07:43:40 PM - root - INFO - ***************test_Coops_API*****************
13:09:2021 07:43:40 PM - root - INFO - ***************test_Coops_API*****************
13:09:2021 07:43:40 PM - root - INFO - ***************test_Coops_API*****************
13:09:2021 07:43:40 PM - root - INFO - ***************Post: Chickens-feed*****************
13:09:2021 07:43:40 PM - root - INFO - ***************Post: Chickens-feed*****************
13:09:2021 07:43:40 PM - root - INFO - ***************Post: Chickens-feed*****************
13:09:2021 07:43:42 PM - root - INFO - {"action":"chickens-feed","success":true,"message":"Your chickens are now full and happy","data":null}
13:09:2021 07:43:42 PM - root - INFO - {"action":"chickens-feed","success":true,"message":"Your chickens are now full and happy","data":null}
13:09:2021 07:43:42 PM - root - INFO - {"action":"chickens-feed","success":true,"message":"Your chickens are now full and happy","data":null}
13:09:2021 07:43:42 PM - root - INFO - ***************test_Coops_API*****************
13:09:2021 07:43:42 PM - root - INFO - ***************test_Coops_API*****************
13:09:2021 07:43:42 PM - root - INFO - ***************test_Coops_API*****************
13:09:2021 07:43:42 PM - root - INFO - ***************test_Coops_API*****************
13:09:2021 07:43:42 PM - root - INFO - ***************Post: Eggs-collect*****************
13:09:2021 07:43:42 PM - root - INFO - ***************Post: Eggs-collect*****************
13:09:2021 07:43:42 PM - root - INFO - ***************Post: Eggs-collect*****************
13:09:2021 07:43:42 PM - root - INFO - ***************Post: Eggs-collect*****************
13:09:2021 07:43:43 PM - root - INFO - {"action":"eggs-collect","success":true,"message":"Hey look at that, 5 eggs have been collected!","data":5}
13:09:2021 07:43:43 PM - root - INFO - {"action":"eggs-collect","success":true,"message":"Hey look at that, 5 eggs have been collected!","data":5}
13:09:2021 07:43:43 PM - root - INFO - {"action":"eggs-collect","success":true,"message":"Hey look at that, 5 eggs have been collected!","data":5}
13:09:2021 07:43:43 PM - root - INFO - {"action":"eggs-collect","success":true,"message":"Hey look at that, 5 eggs have been collected!","data":5}
13:09:2021 07:43:43 PM - root - INFO - ***************test_Coops_API*****************
13:09:2021 07:43:43 PM - root - INFO - ***************test_Coops_API*****************
13:09:2021 07:43:43 PM - root - INFO - ***************test_Coops_API*****************
13:09:2021 07:43:43 PM - root - INFO - ***************test_Coops_API*****************
13:09:2021 07:43:43 PM - root - INFO - ***************test_Coops_API*****************
13:09:2021 07:43:43 PM - root - INFO - ***************Post: Eggs-count*****************
13:09:2021 07:43:43 PM - root - INFO - ***************Post: Eggs-count*****************
13:09:2021 07:43:43 PM - root - INFO - ***************Post: Eggs-count*****************
13:09:2021 07:43:43 PM - root - INFO - ***************Post: Eggs-count*****************
13:09:2021 07:43:43 PM - root - INFO - ***************Post: Eggs-count*****************
13:09:2021 07:43:44 PM - root - INFO - {"action":"eggs-count","success":true,"message":"You have collected a total of 5 eggs today","data":5}
13:09:2021 07:43:44 PM - root - INFO - {"action":"eggs-count","success":true,"message":"You have collected a total of 5 eggs today","data":5}
13:09:2021 07:43:44 PM - root - INFO - {"action":"eggs-count","success":true,"message":"You have collected a total of 5 eggs today","data":5}
13:09:2021 07:43:44 PM - root - INFO - {"action":"eggs-count","success":true,"message":"You have collected a total of 5 eggs today","data":5}
13:09:2021 07:43:44 PM - root - INFO - {"action":"eggs-count","success":true,"message":"You have collected a total of 5 eggs today","data":5}
13:09:2021 07:53:49 PM - root - INFO - ***************test_Coops_API*****************
13:09:2021 07:53:49 PM - root - INFO - ***************Post: Barn-unlock*****************
13:09:2021 07:53:49 PM - root - INFO - {"action":"barn-unlock","success":true,"message":"You just unlocked your barn! Watch out for strangers!","data":null}
13:09:2021 07:53:49 PM - root - INFO - ***************test_Coops_API*****************
13:09:2021 07:53:49 PM - root - INFO - ***************Post: Toiletseat-down*****************
13:09:2021 07:53:50 PM - root - INFO - {"action":"toiletseat-down","success":true,"message":"You just put the toilet seat down. You\u0027re a wonderful roommate!","data":null}
13:09:2021 07:53:50 PM - root - INFO - ***************test_Coops_API*****************
13:09:2021 07:53:50 PM - root - INFO - ***************Post: Chickens-feed*****************
13:09:2021 07:53:50 PM - root - INFO - {"action":"chickens-feed","success":true,"message":"Your chickens are now full and happy","data":null}
13:09:2021 07:53:50 PM - root - INFO - ***************test_Coops_API*****************
13:09:2021 07:53:50 PM - root - INFO - ***************Post: Eggs-collect*****************
13:09:2021 07:53:51 PM - root - INFO - {"action":"eggs-collect","success":true,"message":"Hey look at that, 4 eggs have been collected!","data":4}
13:09:2021 07:53:51 PM - root - INFO - ***************test_Coops_API*****************
13:09:2021 07:53:51 PM - root - INFO - ***************Post: Eggs-count*****************
13:09:2021 07:53:51 PM - root - INFO - {"action":"eggs-count","success":true,"message":"You have collected a total of 9 eggs today","data":9}
13:09:2021 07:53:51 PM - root - INFO - ***************test_Coops_API*****************
13:09:2021 07:53:51 PM - root - INFO - ***************GET: Coops_API*****************
13:09:2021 07:53:52 PM - root - INFO - <!DOCTYPE html>
<html>
    <head>
        <meta http-equiv="Content-Type" content="text/html; charset=UTF-8"/>
        <meta name="robots" content="noindex,nofollow" />
        <style>
            /* Copyright (c) 2010, Yahoo! Inc. All rights reserved. Code licensed under the BSD License: http://developer.yahoo.com/yui/license.html */
            html{color:#000;background:#FFF;}body,div,dl,dt,dd,ul,ol,li,h1,h2,h3,h4,h5,h6,pre,code,form,fieldset,legend,input,textarea,p,blockquote,th,td{margin:0;padding:0;}table{border-collapse:collapse;border-spacing:0;}fieldset,img{border:0;}address,caption,cite,code,dfn,em,strong,th,var{font-style:normal;font-weight:normal;}li{list-style:none;}caption,th{text-align:left;}h1,h2,h3,h4,h5,h6{font-size:100%;font-weight:normal;}q:before,q:after{content:'';}abbr,acronym{border:0;font-variant:normal;}sup{vertical-align:text-top;}sub{vertical-align:text-bottom;}input,textarea,select{font-family:inherit;font-size:inherit;font-weight:inherit;}input,textarea,select{*font-size:100%;}legend{color:#000;}

            html { background: #eee; padding: 10px }
            img { border: 0; }
            #sf-resetcontent { width:970px; margin:0 auto; }
                        .sf-reset { font: 11px Verdana, Arial, sans-serif; color: #333 }
            .sf-reset .clear { clear:both; height:0; font-size:0; line-height:0; }
            .sf-reset .clear_fix:after { display:block; height:0; clear:both; visibility:hidden; }
            .sf-reset .clear_fix { display:inline-block; }
            .sf-reset * html .clear_fix { height:1%; }
            .sf-reset .clear_fix { display:block; }
            .sf-reset, .sf-reset .block { margin: auto }
            .sf-reset abbr { border-bottom: 1px dotted #000; cursor: help; }
            .sf-reset p { font-size:14px; line-height:20px; color:#868686; padding-bottom:20px }
            .sf-reset strong { font-weight:bold; }
            .sf-reset a { color:#6c6159; }
            .sf-reset a img { border:none; }
            .sf-reset a:hover { text-decoration:underline; }
            .sf-reset em { font-style:italic; }
            .sf-reset h1, .sf-reset h2 { font: 20px Georgia, "Times New Roman", Times, serif }
            .sf-reset h2 span { background-color: #fff; color: #333; padding: 6px; float: left; margin-right: 10px; }
            .sf-reset .traces li { font-size:12px; padding: 2px 4px; list-style-type:decimal; margin-left:20px; }
            .sf-reset .block { background-color:#FFFFFF; padding:10px 28px; margin-bottom:20px;
                -webkit-border-bottom-right-radius: 16px;
                -webkit-border-bottom-left-radius: 16px;
                -moz-border-radius-bottomright: 16px;
                -moz-border-radius-bottomleft: 16px;
                border-bottom-right-radius: 16px;
                border-bottom-left-radius: 16px;
                border-bottom:1px solid #ccc;
                border-right:1px solid #ccc;
                border-left:1px solid #ccc;
            }
            .sf-reset .block_exception { background-color:#ddd; color: #333; padding:20px;
                -webkit-border-top-left-radius: 16px;
                -webkit-border-top-right-radius: 16px;
                -moz-border-radius-topleft: 16px;
                -moz-border-radius-topright: 16px;
                border-top-left-radius: 16px;
                border-top-right-radius: 16px;
                border-top:1px solid #ccc;
                border-right:1px solid #ccc;
                border-left:1px solid #ccc;
                overflow: hidden;
                word-wrap: break-word;
            }
            .sf-reset li a { background:none; color:#868686; text-decoration:none; }
            .sf-reset li a:hover { background:none; color:#313131; text-decoration:underline; }
            .sf-reset ol { padding: 10px 0; }
            .sf-reset h1 { background-color:#FFFFFF; padding: 15px 28px; margin-bottom: 20px;
                -webkit-border-radius: 10px;
                -moz-border-radius: 10px;
                border-radius: 10px;
                border: 1px solid #ccc;
            }
        </style>
    </head>
    <body>
                    <div id="sf-resetcontent" class="sf-reset">
                <h1>Sorry, the page you are looking for could not be found.</h1>
                                        <div class="block_exception clear_fix">
                            <h2><span>2/2</span> <abbr title="Symfony\Component\HttpKernel\Exception\NotFoundHttpException">NotFoundHttpException</abbr>: No route found for "POST /api/2229"</h2>
                        </div>
                        <div class="block">
                            <ol class="traces list_exception">
       <li> in /var/www/apps/code/oauth/server/vendor/symfony/http-kernel/Symfony/Component/HttpKernel/EventListener/RouterListener.php line 116</li>
       <li>at <abbr title="Symfony\Component\HttpKernel\EventListener\RouterListener">RouterListener</abbr>->onKernelRequest(<em>object</em>(<abbr title="Symfony\Component\HttpKernel\Event\GetResponseEvent">GetResponseEvent</abbr>))</li>
       <li>at <abbr title=""></abbr>call_user_func(<em>array</em>(<em>object</em>(<abbr title="Symfony\Component\HttpKernel\EventListener\RouterListener">RouterListener</abbr>), 'onKernelRequest'), <em>object</em>(<abbr title="Symfony\Component\HttpKernel\Event\GetResponseEvent">GetResponseEvent</abbr>)) in /var/www/apps/code/oauth/server/vendor/symfony/event-dispatcher/Symfony/Component/EventDispatcher/EventDispatcher.php line 164</li>
       <li>at <abbr title="Symfony\Component\EventDispatcher\EventDispatcher">EventDispatcher</abbr>->doDispatch(<em>array</em>(<em>array</em>(<em>object</em>(<abbr title="Silex\Provider\SessionServiceProvider">SessionServiceProvider</abbr>), 'onEarlyKernelRequest'), <em>array</em>(<em>object</em>(<abbr title="Symfony\Component\HttpKernel\EventListener\RouterListener">RouterListener</abbr>), 'onKernelRequest'), <em>array</em>(<em>object</em>(<abbr title="Silex\EventListener\LocaleListener">LocaleListener</abbr>), 'onKernelRequest'), <em>array</em>(<em>object</em>(<abbr title="Symfony\Component\Security\Http\Firewall">Firewall</abbr>), 'onKernelRequest'), <em>array</em>(<em>object</em>(<abbr title="Silex\EventListener\MiddlewareListener">MiddlewareListener</abbr>), 'onKernelRequest')), 'kernel.request', <em>object</em>(<abbr title="Symfony\Component\HttpKernel\Event\GetResponseEvent">GetResponseEvent</abbr>)) in /var/www/apps/code/oauth/server/vendor/symfony/event-dispatcher/Symfony/Component/EventDispatcher/EventDispatcher.php line 53</li>
       <li>at <abbr title="Symfony\Component\EventDispatcher\EventDispatcher">EventDispatcher</abbr>->dispatch('kernel.request', <em>object</em>(<abbr title="Symfony\Component\HttpKernel\Event\GetResponseEvent">GetResponseEvent</abbr>)) in /var/www/apps/code/oauth/server/vendor/symfony/http-kernel/Symfony/Component/HttpKernel/HttpKernel.php line 98</li>
       <li>at <abbr title="Symfony\Component\HttpKernel\HttpKernel">HttpKernel</abbr>->handleRaw(<em>object</em>(<abbr title="OAuth2\HttpFoundationBridge\Request">Request</abbr>), '1') in /var/www/apps/code/oauth/server/vendor/symfony/http-kernel/Symfony/Component/HttpKernel/HttpKernel.php line 61</li>
       <li>at <abbr title="Symfony\Component\HttpKernel\HttpKernel">HttpKernel</abbr>->handle(<em>object</em>(<abbr title="OAuth2\HttpFoundationBridge\Request">Request</abbr>), '1', <em>true</em>) in /var/www/apps/code/oauth/server/vendor/silex/silex/src/Silex/Application.php line 504</li>
       <li>at <abbr title="Silex\Application">Application</abbr>->handle(<em>object</em>(<abbr title="OAuth2\HttpFoundationBridge\Request">Request</abbr>)) in /var/www/apps/code/oauth/server/vendor/silex/silex/src/Silex/Application.php line 481</li>
       <li>at <abbr title="Silex\Application">Application</abbr>->run(<em>object</em>(<abbr title="OAuth2\HttpFoundationBridge\Request">Request</abbr>)) in /var/www/apps/code/oauth/server/web/index.php line 26</li>
    </ol>
</div>
                        <div class="block_exception clear_fix">
                            <h2><span>1/2</span> <abbr title="Symfony\Component\Routing\Exception\ResourceNotFoundException">ResourceNotFoundException</abbr>: </h2>
                        </div>
                        <div class="block">
                            <ol class="traces list_exception">
       <li> in /var/www/apps/code/oauth/server/vendor/symfony/routing/Symfony/Component/Routing/Matcher/UrlMatcher.php line 91</li>
       <li>at <abbr title="Symfony\Component\Routing\Matcher\UrlMatcher">UrlMatcher</abbr>->match('/api/2229') in /var/www/apps/code/oauth/server/vendor/symfony/routing/Symfony/Component/Routing/Matcher/RedirectableUrlMatcher.php line 30</li>
       <li>at <abbr title="Symfony\Component\Routing\Matcher\RedirectableUrlMatcher">RedirectableUrlMatcher</abbr>->match('/api/2229') in /var/www/apps/code/oauth/server/vendor/silex/silex/src/Silex/LazyUrlMatcher.php line 51</li>
       <li>at <abbr title="Silex\LazyUrlMatcher">LazyUrlMatcher</abbr>->match('/api/2229') in /var/www/apps/code/oauth/server/vendor/symfony/http-kernel/Symfony/Component/HttpKernel/EventListener/RouterListener.php line 102</li>
       <li>at <abbr title="Symfony\Component\HttpKernel\EventListener\RouterListener">RouterListener</abbr>->onKernelRequest(<em>object</em>(<abbr title="Symfony\Component\HttpKernel\Event\GetResponseEvent">GetResponseEvent</abbr>))</li>
       <li>at <abbr title=""></abbr>call_user_func(<em>array</em>(<em>object</em>(<abbr title="Symfony\Component\HttpKernel\EventListener\RouterListener">RouterListener</abbr>), 'onKernelRequest'), <em>object</em>(<abbr title="Symfony\Component\HttpKernel\Event\GetResponseEvent">GetResponseEvent</abbr>)) in /var/www/apps/code/oauth/server/vendor/symfony/event-dispatcher/Symfony/Component/EventDispatcher/EventDispatcher.php line 164</li>
       <li>at <abbr title="Symfony\Component\EventDispatcher\EventDispatcher">EventDispatcher</abbr>->doDispatch(<em>array</em>(<em>array</em>(<em>object</em>(<abbr title="Silex\Provider\SessionServiceProvider">SessionServiceProvider</abbr>), 'onEarlyKernelRequest'), <em>array</em>(<em>object</em>(<abbr title="Symfony\Component\HttpKernel\EventListener\RouterListener">RouterListener</abbr>), 'onKernelRequest'), <em>array</em>(<em>object</em>(<abbr title="Silex\EventListener\LocaleListener">LocaleListener</abbr>), 'onKernelRequest'), <em>array</em>(<em>object</em>(<abbr title="Symfony\Component\Security\Http\Firewall">Firewall</abbr>), 'onKernelRequest'), <em>array</em>(<em>object</em>(<abbr title="Silex\EventListener\MiddlewareListener">MiddlewareListener</abbr>), 'onKernelRequest')), 'kernel.request', <em>object</em>(<abbr title="Symfony\Component\HttpKernel\Event\GetResponseEvent">GetResponseEvent</abbr>)) in /var/www/apps/code/oauth/server/vendor/symfony/event-dispatcher/Symfony/Component/EventDispatcher/EventDispatcher.php line 53</li>
       <li>at <abbr title="Symfony\Component\EventDispatcher\EventDispatcher">EventDispatcher</abbr>->dispatch('kernel.request', <em>object</em>(<abbr title="Symfony\Component\HttpKernel\Event\GetResponseEvent">GetResponseEvent</abbr>)) in /var/www/apps/code/oauth/server/vendor/symfony/http-kernel/Symfony/Component/HttpKernel/HttpKernel.php line 98</li>
       <li>at <abbr title="Symfony\Component\HttpKernel\HttpKernel">HttpKernel</abbr>->handleRaw(<em>object</em>(<abbr title="OAuth2\HttpFoundationBridge\Request">Request</abbr>), '1') in /var/www/apps/code/oauth/server/vendor/symfony/http-kernel/Symfony/Component/HttpKernel/HttpKernel.php line 61</li>
       <li>at <abbr title="Symfony\Component\HttpKernel\HttpKernel">HttpKernel</abbr>->handle(<em>object</em>(<abbr title="OAuth2\HttpFoundationBridge\Request">Request</abbr>), '1', <em>true</em>) in /var/www/apps/code/oauth/server/vendor/silex/silex/src/Silex/Application.php line 504</li>
       <li>at <abbr title="Silex\Application">Application</abbr>->handle(<em>object</em>(<abbr title="OAuth2\HttpFoundationBridge\Request">Request</abbr>)) in /var/www/apps/code/oauth/server/vendor/silex/silex/src/Silex/Application.php line 481</li>
       <li>at <abbr title="Silex\Application">Application</abbr>->run(<em>object</em>(<abbr title="OAuth2\HttpFoundationBridge\Request">Request</abbr>)) in /var/www/apps/code/oauth/server/web/index.php line 26</li>
    </ol>
</div>

            </div>
    </body>
</html>
13:09:2021 07:56:36 PM - root - INFO - ***************test_Coops_API*****************
13:09:2021 07:56:36 PM - root - INFO - ***************Post: Barn-unlock*****************
13:09:2021 07:56:37 PM - root - INFO - {"action":"barn-unlock","success":true,"message":"You just unlocked your barn! Watch out for strangers!","data":null}
13:09:2021 07:56:37 PM - root - INFO - ***************test_Coops_API*****************
13:09:2021 07:56:37 PM - root - INFO - ***************Post: Toiletseat-down*****************
13:09:2021 07:56:37 PM - root - INFO - {"action":"toiletseat-down","success":true,"message":"You just put the toilet seat down. You\u0027re a wonderful roommate!","data":null}
13:09:2021 07:56:37 PM - root - INFO - ***************test_Coops_API*****************
13:09:2021 07:56:37 PM - root - INFO - ***************Post: Chickens-feed*****************
13:09:2021 07:56:38 PM - root - INFO - {"action":"chickens-feed","success":true,"message":"Your chickens are now full and happy","data":null}
13:09:2021 07:56:38 PM - root - INFO - ***************test_Coops_API*****************
13:09:2021 07:56:38 PM - root - INFO - ***************Post: Eggs-collect*****************
13:09:2021 07:56:38 PM - root - INFO - {"action":"eggs-collect","success":true,"message":"Hey look at that, 4 eggs have been collected!","data":4}
13:09:2021 07:56:38 PM - root - INFO - ***************test_Coops_API*****************
13:09:2021 07:56:38 PM - root - INFO - ***************Post: Eggs-count*****************
13:09:2021 07:56:38 PM - root - INFO - {"action":"eggs-count","success":true,"message":"You have collected a total of 13 eggs today","data":13}
14:09:2021 11:07:53 AM - root - INFO - ***************test_Coops_API*****************
14:09:2021 11:07:53 AM - root - INFO - ***************Post: Barn-unlock*****************
14:09:2021 11:07:53 AM - root - INFO - {"action":"barn-unlock","success":true,"message":"You just unlocked your barn! Watch out for strangers!","data":null}
14:09:2021 11:07:53 AM - root - INFO - ***************test_Coops_API*****************
14:09:2021 11:07:53 AM - root - INFO - ***************Post: Toiletseat-down*****************
14:09:2021 11:07:53 AM - root - INFO - {"action":"toiletseat-down","success":true,"message":"You just put the toilet seat down. You\u0027re a wonderful roommate!","data":null}
14:09:2021 11:07:53 AM - root - INFO - ***************test_Coops_API*****************
14:09:2021 11:07:53 AM - root - INFO - ***************Post: Chickens-feed*****************
14:09:2021 11:07:54 AM - root - INFO - {"action":"chickens-feed","success":true,"message":"Your chickens are now full and happy","data":null}
14:09:2021 11:07:54 AM - root - INFO - ***************test_Coops_API*****************
14:09:2021 11:07:54 AM - root - INFO - ***************Post: Eggs-collect*****************
14:09:2021 11:07:54 AM - root - INFO - {"action":"eggs-collect","success":true,"message":"Hey look at that, 2 eggs have been collected!","data":2}
14:09:2021 11:07:54 AM - root - INFO - ***************test_Coops_API*****************
14:09:2021 11:07:54 AM - root - INFO - ***************Post: Eggs-count*****************
14:09:2021 11:07:54 AM - root - INFO - {"action":"eggs-count","success":true,"message":"You have collected a total of 2 eggs today","data":2}
14:09:2021 11:10:23 AM - root - INFO - ***************test_Coops_API*****************
14:09:2021 11:10:23 AM - root - INFO - ***************Post: Barn-unlock*****************
14:09:2021 11:10:23 AM - root - INFO - {"action":"barn-unlock","success":true,"message":"You just unlocked your barn! Watch out for strangers!","data":null}
14:09:2021 11:10:23 AM - root - INFO - ***************test_Coops_API*****************
14:09:2021 11:10:23 AM - root - INFO - ***************Post: Toiletseat-down*****************
14:09:2021 11:10:24 AM - root - INFO - {"action":"toiletseat-down","success":true,"message":"You just put the toilet seat down. You\u0027re a wonderful roommate!","data":null}
14:09:2021 11:10:24 AM - root - INFO - ***************test_Coops_API*****************
14:09:2021 11:10:24 AM - root - INFO - ***************Post: Chickens-feed*****************
14:09:2021 11:10:24 AM - root - INFO - {"action":"chickens-feed","success":true,"message":"Your chickens are now full and happy","data":null}
14:09:2021 11:10:24 AM - root - INFO - ***************test_Coops_API*****************
14:09:2021 11:10:24 AM - root - INFO - ***************Post: Eggs-collect*****************
14:09:2021 11:10:24 AM - root - INFO - {"action":"eggs-collect","success":true,"message":"Hey look at that, 5 eggs have been collected!","data":5}
14:09:2021 11:10:24 AM - root - INFO - ***************test_Coops_API*****************
14:09:2021 11:10:24 AM - root - INFO - ***************Post: Eggs-count*****************
14:09:2021 11:10:25 AM - root - INFO - {"action":"eggs-count","success":true,"message":"You have collected a total of 7 eggs today","data":7}
